2025-03-28 17:14:24.224218 - Received CBT.V508.FILE094.PDS from FILE094.XMI 
2025-03-28 17:14:24.227647 - Found $$$#DATE.txt (text/plain) in CBT.V508.FILE094.PDS, moved to PDS/$$$#DATE
2025-03-28 17:14:24.228590 - Found $$NOTE1.txt (text/plain) in CBT.V508.FILE094.PDS, moved to PDS/$$NOTE1
2025-03-28 17:14:24.229539 - Found $$NOTE2.txt (text/plain) in CBT.V508.FILE094.PDS, moved to PDS/$$NOTE2
2025-03-28 17:14:24.230251 - Found $$NOTE3.txt (text/plain) in CBT.V508.FILE094.PDS, moved to PDS/$$NOTE3
2025-03-28 17:14:24.232298 - Found $COMMON.txt (text/plain) in CBT.V508.FILE094.PDS, moved to PDS/$COMMON
2025-03-28 17:14:24.237285 - Found $COMM142.txt (text/plain) in CBT.V508.FILE094.PDS, moved to PDS/$COMM142
2025-03-28 17:14:24.239216 - Found $COMM143.txt (text/plain) in CBT.V508.FILE094.PDS, moved to PDS/$COMM143
2025-03-28 17:14:24.244344 - Found $COMM144.txt (text/plain) in CBT.V508.FILE094.PDS, moved to PDS/$COMM144
2025-03-28 17:14:24.248649 - Found $COMM145.txt (text/plain) in CBT.V508.FILE094.PDS, moved to PDS/$COMM145
2025-03-28 17:14:24.251814 - Found $COMM146.txt (text/plain) in CBT.V508.FILE094.PDS, moved to PDS/$COMM146
2025-03-28 17:14:24.255439 - Found $COMM147.txt (text/plain) in CBT.V508.FILE094.PDS, moved to PDS/$COMM147
2025-03-28 17:14:24.257879 - Found $COMM148.txt (text/plain) in CBT.V508.FILE094.PDS, moved to PDS/$COMM148
2025-03-28 17:14:24.258757 - Found $DAFJCL.jcl (text/plain) in CBT.V508.FILE094.PDS, moved to PDS/$DAFJCL
2025-03-28 17:14:24.261063 - Found $DAFNOTE.txt (text/plain) in CBT.V508.FILE094.PDS, moved to PDS/$DAFNOTE
2025-03-28 17:14:24.262829 - Found $ODAFDOC.txt (text/plain) in CBT.V508.FILE094.PDS, moved to PDS/$ODAFDOC
2025-03-28 17:14:24.263979 - Found @FILE094.txt (text/plain) in CBT.V508.FILE094.PDS, moved to PDS/@FILE094
2025-03-28 17:14:24.269949 - Found DAF.jcl (text/plain) in CBT.V508.FILE094.PDS, moved to PDS/DAF
2025-03-28 17:14:24.272088 - Found DAFPLI.txt (text/plain) in CBT.V508.FILE094.PDS, moved to PDS/DAFPLI
2025-03-28 17:14:24.275711 - Found DAF130.jcl (text/plain) in CBT.V508.FILE094.PDS, moved to PDS/DAF130
2025-03-28 17:14:24.277732 - Found DAF130L.xmi (application/xmit) in CBT.V508.FILE094.PDS, moved to PDS/DAF130L
2025-03-28 17:14:24.285757 - Found DAF140.jcl (text/plain) in CBT.V508.FILE094.PDS, moved to PDS/DAF140
2025-03-28 17:14:24.288270 - Found DAF140L.xmi (application/xmit) in CBT.V508.FILE094.PDS, moved to PDS/DAF140L
2025-03-28 17:14:24.298148 - Found DAF142.jcl (text/plain) in CBT.V508.FILE094.PDS, moved to PDS/DAF142
2025-03-28 17:14:24.300045 - Found DAF142L.xmi (application/xmit) in CBT.V508.FILE094.PDS, moved to PDS/DAF142L
2025-03-28 17:14:24.306477 - Found DAF143.jcl (text/plain) in CBT.V508.FILE094.PDS, moved to PDS/DAF143
2025-03-28 17:14:24.309208 - Found DAF143L.xmi (application/xmit) in CBT.V508.FILE094.PDS, moved to PDS/DAF143L
2025-03-28 17:14:24.318154 - Found DAF144.jcl (text/plain) in CBT.V508.FILE094.PDS, moved to PDS/DAF144
2025-03-28 17:14:24.321424 - Found DAF144L.xmi (application/xmit) in CBT.V508.FILE094.PDS, moved to PDS/DAF144L
2025-03-28 17:14:24.331391 - Found DAF145.jcl (text/plain) in CBT.V508.FILE094.PDS, moved to PDS/DAF145
2025-03-28 17:14:24.334289 - Found DAF145L.xmi (application/xmit) in CBT.V508.FILE094.PDS, moved to PDS/DAF145L
2025-03-28 17:14:24.342189 - Found DAF146.jcl (text/plain) in CBT.V508.FILE094.PDS, moved to PDS/DAF146
2025-03-28 17:14:24.344724 - Found DAF146L.xmi (application/xmit) in CBT.V508.FILE094.PDS, moved to PDS/DAF146L
2025-03-28 17:14:24.350605 - Found DAF147.jcl (text/plain) in CBT.V508.FILE094.PDS, moved to PDS/DAF147
2025-03-28 17:14:24.353765 - Found DAF147L.xmi (application/xmit) in CBT.V508.FILE094.PDS, moved to PDS/DAF147L
2025-03-28 17:14:24.365470 - Found DAF148.jcl (text/plain) in CBT.V508.FILE094.PDS, moved to PDS/DAF148
2025-03-28 17:14:24.367382 - Found DAF148L.xmi (application/xmit) in CBT.V508.FILE094.PDS, moved to PDS/DAF148L
2025-03-28 17:14:24.374136 - Found DAF148NL.xmi (application/xmit) in CBT.V508.FILE094.PDS, moved to PDS/DAF148NL
2025-03-28 17:14:24.383501 - Found DAF149L.xmi (application/xmit) in CBT.V508.FILE094.PDS, moved to PDS/DAF149L
